<?xml version="1.0" encoding="UTF-8"?>
<!-- Generated by org.testng.reporters.JUnitXMLReporter -->
<testsuite ignored="2" hostname="SanjuSingh" failures="0" tests="1" name="Default test" time="6.676" errors="0" timestamp="2023-04-12T13:40:25 EDT">
  <testcase classname="com.selenium.qa.testcases.Search" name="verifySearchWithoutAnyProduct" time="0.578"/>
  <testcase classname="com.selenium.qa.testcases.Search" name="verifySearchWithValidProduct" time="0.0">
    <ignored/>
  </testcase> <!-- verifySearchWithValidProduct -->
  <testcase classname="com.selenium.qa.testcases.Search" name="verifySearchWithInvalidProduct" time="0.0">
    <ignored/>
  </testcase> <!-- verifySearchWithInvalidProduct -->
</testsuite> <!-- Default test -->
