<?xml version="1.0" encoding="UTF-8"?>
<!-- Generated by org.testng.reporters.JUnitXMLReporter -->
<testsuite ignored="4" hostname="SanjuSingh" failures="0" tests="3" name="Default test" time="15.844" errors="0" timestamp="2023-03-30T10:06:44 EDT">
  <testcase classname="com.selenium.qa.testcases.Login" name="verifyLoginWithValidCredentials" time="0.99"/>
  <testcase classname="com.selenium.qa.testcases.Login" name="verifyLoginWithValidCredentials" time="0.969"/>
  <testcase classname="com.selenium.qa.testcases.Login" name="verifyLoginWithValidCredentials" time="0.971"/>
  <testcase classname="com.selenium.qa.testcases.Login" name="verifyLoginWithInvalidCredential" time="0.0">
    <ignored/>
  </testcase> <!-- verifyLoginWithInvalidCredential -->
  <testcase classname="com.selenium.qa.testcases.Login" name="verifyLoginWithInvalidEmailAndValidPwd" time="0.0">
    <ignored/>
  </testcase> <!-- verifyLoginWithInvalidEmailAndValidPwd -->
  <testcase classname="com.selenium.qa.testcases.Login" name="verifyLoginWithNoCredentials" time="0.0">
    <ignored/>
  </testcase> <!-- verifyLoginWithNoCredentials -->
  <testcase classname="com.selenium.qa.testcases.Login" name="verifyLoginWithValidEmailAndInvalidPwd" time="0.0">
    <ignored/>
  </testcase> <!-- verifyLoginWithValidEmailAndInvalidPwd -->
</testsuite> <!-- Default test -->
