<?xml version="1.0" encoding="UTF-8"?>
<!-- Generated by org.testng.reporters.JUnitXMLReporter -->
<testsuite ignored="0" hostname="SanjuSingh" failures="9" tests="12" name="Selenium Tests" time="54.555" errors="0" timestamp="2023-03-24T11:21:43 EDT">
  <testcase classname="com.selenium.qa.testcases.Register" name="verifyRegisterAccountWithMandatoryFields" time="0.014">
    <failure type="java.lang.IllegalArgumentException" message="Keys to send should be a not null CharSequence">
      <![CDATA[java.lang.IllegalArgumentException: Keys to send should be a not null CharSequence
at org.openqa.selenium.remote.RemoteWebElement.sendKeys(RemoteWebElement.java:98)
at com.selenium.qa.testcases.Register.verifyRegisterAccountWithMandatoryFields(Register.java:37)
at java.base/java.util.ArrayList.forEach(ArrayList.java:1511)
... Removed 27 stack frames]]>
    </failure>
  </testcase> <!-- verifyRegisterAccountWithMandatoryFields -->
  <testcase classname="com.selenium.qa.testcases.Register" name="verifyRegisterAccountWithAllFields" time="0.01">
    <failure type="java.lang.IllegalArgumentException" message="Keys to send should be a not null CharSequence">
      <![CDATA[java.lang.IllegalArgumentException: Keys to send should be a not null CharSequence
at org.openqa.selenium.remote.RemoteWebElement.sendKeys(RemoteWebElement.java:98)
at com.selenium.qa.testcases.Register.verifyRegisterAccountWithAllFields(Register.java:53)
at java.base/java.util.ArrayList.forEach(ArrayList.java:1511)
... Removed 27 stack frames]]>
    </failure>
  </testcase> <!-- verifyRegisterAccountWithAllFields -->
  <testcase classname="com.selenium.qa.testcases.Register" name="verifyRegisterAccountWithExistingEmailAddress" time="0.012">
    <failure type="java.lang.IllegalArgumentException" message="Keys to send should be a not null CharSequence">
      <![CDATA[java.lang.IllegalArgumentException: Keys to send should be a not null CharSequence
at org.openqa.selenium.remote.RemoteWebElement.sendKeys(RemoteWebElement.java:98)
at com.selenium.qa.testcases.Register.verifyRegisterAccountWithExistingEmailAddress(Register.java:70)
at java.base/java.util.ArrayList.forEach(ArrayList.java:1511)
... Removed 27 stack frames]]>
    </failure>
  </testcase> <!-- verifyRegisterAccountWithExistingEmailAddress -->
  <testcase classname="com.selenium.qa.testcases.Register" name="verifyRegisterAccountWithNoDetails" time="0.625">
    <failure type="java.lang.NullPointerException" message="Cannot invoke &amp;quot;java.lang.CharSequence.toString()&amp;quot; because &amp;quot;s&amp;quot; is null">
      <![CDATA[java.lang.NullPointerException: Cannot invoke "java.lang.CharSequence.toString()" because "s" is null
at java.base/java.lang.String.contains(String.java:2852)
at com.selenium.qa.testcases.Register.verifyRegisterAccountWithNoDetails(Register.java:94)
at java.base/java.util.ArrayList.forEach(ArrayList.java:1511)
... Removed 27 stack frames]]>
    </failure>
  </testcase> <!-- verifyRegisterAccountWithNoDetails -->
  <testcase classname="com.selenium.qa.testcases.Login" name="verifyLoginWithValidCredentials" time="0.995"/>
  <testcase classname="com.selenium.qa.testcases.Login" name="verifyLoginWithInvalidCredential" time="0.126">
    <failure type="java.lang.IllegalArgumentException" message="Keys to send should be a not null CharSequence">
      <![CDATA[java.lang.IllegalArgumentException: Keys to send should be a not null CharSequence
at org.openqa.selenium.remote.RemoteWebElement.sendKeys(RemoteWebElement.java:98)
at com.selenium.qa.testcases.Login.verifyLoginWithInvalidCredential(Login.java:50)
at java.base/java.util.ArrayList.forEach(ArrayList.java:1511)
... Removed 27 stack frames]]>
    </failure>
  </testcase> <!-- verifyLoginWithInvalidCredential -->
  <testcase classname="com.selenium.qa.testcases.Login" name="verifyLoginWithInvalidEmailAndValidPwd" time="0.559">
    <failure type="java.lang.AssertionError" message="Email/Password not matching warning is NOT displayed expected [null] but found [Warning: No match for E-Mail Address and/or Password.]">
      <![CDATA[java.lang.AssertionError: Email/Password not matching warning is NOT displayed expected [null] but found [Warning: No match for E-Mail Address and/or Password.]
at com.selenium.qa.testcases.Login.verifyLoginWithInvalidEmailAndValidPwd(Login.java:70)
at java.base/java.util.ArrayList.forEach(ArrayList.java:1511)
... Removed 32 stack frames]]>
    </failure>
  </testcase> <!-- verifyLoginWithInvalidEmailAndValidPwd -->
  <testcase classname="com.selenium.qa.testcases.Login" name="verifyLoginWithValidEmailAndInvalidPwd" time="0.089">
    <failure type="java.lang.IllegalArgumentException" message="Keys to send should be a not null CharSequence">
      <![CDATA[java.lang.IllegalArgumentException: Keys to send should be a not null CharSequence
at org.openqa.selenium.remote.RemoteWebElement.sendKeys(RemoteWebElement.java:98)
at com.selenium.qa.testcases.Login.verifyLoginWithValidEmailAndInvalidPwd(Login.java:78)
at java.base/java.util.ArrayList.forEach(ArrayList.java:1511)
... Removed 27 stack frames]]>
    </failure>
  </testcase> <!-- verifyLoginWithValidEmailAndInvalidPwd -->
  <testcase classname="com.selenium.qa.testcases.Login" name="verifyLoginWithNoCredentials" time="0.647"/>
  <testcase classname="com.selenium.qa.testcases.Search" name="verifySearchWithValidProduct" time="0.01">
    <failure type="java.lang.IllegalArgumentException" message="Keys to send should be a not null CharSequence">
      <![CDATA[java.lang.IllegalArgumentException: Keys to send should be a not null CharSequence
at org.openqa.selenium.remote.RemoteWebElement.sendKeys(RemoteWebElement.java:98)
at com.selenium.qa.testcases.Search.verifySearchWithValidProduct(Search.java:32)
at java.base/java.util.ArrayList.forEach(ArrayList.java:1511)
... Removed 27 stack frames]]>
    </failure>
  </testcase> <!-- verifySearchWithValidProduct -->
  <testcase classname="com.selenium.qa.testcases.Search" name="verifySearchWithInvalidProduct" time="0.009">
    <failure type="java.lang.IllegalArgumentException" message="Keys to send should be a not null CharSequence">
      <![CDATA[java.lang.IllegalArgumentException: Keys to send should be a not null CharSequence
at org.openqa.selenium.remote.RemoteWebElement.sendKeys(RemoteWebElement.java:98)
at com.selenium.qa.testcases.Search.verifySearchWithInvalidProduct(Search.java:41)
at java.base/java.util.ArrayList.forEach(ArrayList.java:1511)
... Removed 27 stack frames]]>
    </failure>
  </testcase> <!-- verifySearchWithInvalidProduct -->
  <testcase classname="com.selenium.qa.testcases.Search" name="verifySearchWithoutAnyProduct" time="0.407"/>
</testsuite> <!-- Selenium Tests -->
